<?xml version="1.0" encoding="UTF-8"?>
<!-- Generated by org.testng.reporters.JUnitXMLReporter -->
<testsuite ignored="4" hostname="DESKTOP-GLAFMTS" failures="0" tests="7" name="Test" time="13.684" errors="0" timestamp="2024-01-23T15:33:16 IST">
  <testcase classname="com.TestNG.ParallelsTest" name="dataTest" time="0.024"/>
  <testcase classname="com.TestNG.ParallelsTest" name="displayTest" time="0.006"/>
  <testcase classname="com.TestNG.ParallelsTest" name="sampleTest" time="0.005"/>
  <testcase classname="com.TestNG.DemoTest" name="demo1Test" time="0.008"/>
  <testcase classname="com.TestNG.DemoTest" name="demo2Test" time="0.007"/>
  <testcase classname="com.TestNG.SampleTest" name="sample1Test" time="0.005"/>
  <testcase classname="com.TestNG.SampleTest" name="sample2Test" time="0.004"/>
  <testcase classname="com.genericUtility.BaseClass" name="@BeforeSuite config_BS" time="0.0">
    <ignored/>
  </testcase> <!-- @BeforeSuite config_BS -->
  <testcase classname="com.genericUtility.BaseClass" name="@AfterSuite config_AS" time="0.0">
    <ignored/>
  </testcase> <!-- @AfterSuite config_AS -->
  <testcase classname="com.genericUtility.BaseClass" name="@AfterSuite config_AS" time="0.0">
    <ignored/>
  </testcase> <!-- @AfterSuite config_AS -->
  <testcase classname="com.genericUtility.BaseClass" name="@BeforeSuite config_BS" time="0.0">
    <ignored/>
  </testcase> <!-- @BeforeSuite config_BS -->
</testsuite> <!-- Test -->
