<?xml version="1.0" encoding="UTF-8"?>
<testng-results ignored="0" total="2" passed="2" failed="0" skipped="0">
  <reporter-output>
  </reporter-output>
  <suite started-at="2024-01-27T23:47:13 IST" name="Default suite" finished-at="2024-01-27T23:47:30 IST" duration-ms="17062">
    <groups>
    </groups>
    <test started-at="2024-01-27T23:47:13 IST" name="Default test" finished-at="2024-01-27T23:47:30 IST" duration-ms="17062">
      <class name="Assingnment_jan26.Validate9Test">
        <test-method signature="LoginWithInvalidDataTest()[pri:0, instance:Assingnment_jan26.Validate9Test@2e377400]" started-at="2024-01-27T23:47:13 IST" name="LoginWithInvalidDataTest" finished-at="2024-01-27T23:47:23 IST" duration-ms="10113" status="PASS">
          <reporter-output>
          </reporter-output>
        </test-method> <!-- LoginWithInvalidDataTest -->
        <test-method signature="LoginWithValidDataTest()[pri:0, instance:Assingnment_jan26.Validate9Test@2e377400]" started-at="2024-01-27T23:47:23 IST" name="LoginWithValidDataTest" finished-at="2024-01-27T23:47:30 IST" duration-ms="6812" status="PASS">
          <reporter-output>
          </reporter-output>
        </test-method> <!-- LoginWithValidDataTest -->
      </class> <!-- Assingnment_jan26.Validate9Test -->
    </test> <!-- Default test -->
  </suite> <!-- Default suite -->
</testng-results>
